{"D:\\Development\\Academics\\ME\\SEM 1\\VC & Testing LAB\\Testing\\sort.js": {"path":"D:\\Development\\Academics\\ME\\SEM 1\\VC & Testing LAB\\Testing\\sort.js","statementMap":{"0":{"start":{"line":6,"column":2},"end":{"line":11,"column":3}},"1":{"start":{"line":7,"column":3},"end":{"line":7,"column":15}},"2":{"start":{"line":10,"column":3},"end":{"line":10,"column":16}},"3":{"start":{"line":18,"column":15},"end":{"line":18,"column":21}},"4":{"start":{"line":19,"column":2},"end":{"line":19,"column":18}},"5":{"start":{"line":20,"column":2},"end":{"line":20,"column":16}},"6":{"start":{"line":26,"column":2},"end":{"line":34,"column":3}},"7":{"start":{"line":26,"column":12},"end":{"line":26,"column":13}},"8":{"start":{"line":27,"column":19},"end":{"line":27,"column":20}},"9":{"start":{"line":28,"column":3},"end":{"line":32,"column":4}},"10":{"start":{"line":28,"column":13},"end":{"line":28,"column":16}},"11":{"start":{"line":29,"column":4},"end":{"line":31,"column":5}},"12":{"start":{"line":30,"column":5},"end":{"line":30,"column":19}},"13":{"start":{"line":33,"column":3},"end":{"line":33,"column":30}},"14":{"start":{"line":40,"column":0},"end":{"line":40,"column":20}}},"fnMap":{"0":{"name":"(anonymous_0)","decl":{"start":{"line":3,"column":1},"end":{"line":3,"column":2}},"loc":{"start":{"line":3,"column":35},"end":{"line":12,"column":2}},"line":3},"1":{"name":"(anonymous_1)","decl":{"start":{"line":14,"column":1},"end":{"line":14,"column":2}},"loc":{"start":{"line":14,"column":21},"end":{"line":21,"column":2}},"line":14},"2":{"name":"(anonymous_2)","decl":{"start":{"line":24,"column":1},"end":{"line":24,"column":2}},"loc":{"start":{"line":24,"column":19},"end":{"line":36,"column":2}},"line":24}},"branchMap":{"0":{"loc":{"start":{"line":6,"column":2},"end":{"line":11,"column":3}},"type":"if","locations":[{"start":{"line":6,"column":2},"end":{"line":11,"column":3}},{"start":{"line":9,"column":6},"end":{"line":11,"column":3}}],"line":6},"1":{"loc":{"start":{"line":29,"column":4},"end":{"line":31,"column":5}},"type":"if","locations":[{"start":{"line":29,"column":4},"end":{"line":31,"column":5}},{"start":{},"end":{}}],"line":29}},"s":{"0":11,"1":6,"2":5,"3":5,"4":5,"5":5,"6":1,"7":1,"8":4,"9":4,"10":4,"11":10,"12":6,"13":4,"14":1},"f":{"0":11,"1":5,"2":1},"b":{"0":[6,5],"1":[6,4]},"_coverageSchema":"1a1c01bbd47fc00a2c39e90264f33305004495a9","hash":"2df869872c495a026f90140f5123ac9a9dc05d6d"}
}
